[debug] [2026-06-22T16:31:31.187Z] ----------------------------------------------------------------------
[debug] [2026-06-22T16:31:31.193Z] Command:       /home/matthias/.config/nvm/versions/node/v24.16.0/bin/node /home/matthias/.config/nvm/versions/node/v24.16.0/bin/firebase deploy
[debug] [2026-06-22T16:31:31.195Z] CLI Version:   15.20.0
[debug] [2026-06-22T16:31:31.196Z] Platform:      linux
[debug] [2026-06-22T16:31:31.196Z] Node Version:  v24.16.0
[debug] [2026-06-22T16:31:31.197Z] Time:          Mon Jun 22 2026 18:31:31 GMT+0200 (Central European Summer Time)
[debug] [2026-06-22T16:31:31.198Z] ----------------------------------------------------------------------
[debug] 
[debug] [2026-06-22T16:31:36.973Z] > command requires scopes: ["email","openid","https://www.googleapis.com/auth/cloudplatformprojects.readonly","https://www.googleapis.com/auth/firebase","https://www.googleapis.com/auth/cloud-platform"]
[debug] [2026-06-22T16:31:36.974Z] > authorizing via signed-in user (kluthmatthias@gmail.com)
[debug] [2026-06-22T16:31:36.974Z] [iam] checking project zero-sum-rpg-2026 for permissions ["firebase.projects.get","firebasedatabase.instances.update","firebasehosting.sites.update"]
[debug] [2026-06-22T16:31:36.977Z] Checked if tokens are valid: false, expires at: 1782143933232
[debug] [2026-06-22T16:31:36.977Z] Checked if tokens are valid: false, expires at: 1782143933232
[debug] [2026-06-22T16:31:36.978Z] > refreshing access token with scopes: []
[debug] [2026-06-22T16:31:36.982Z] >>> [apiv2][query] POST https://www.googleapis.com/oauth2/v3/token [none]
[debug] [2026-06-22T16:31:36.982Z] >>> [apiv2][body] POST https://www.googleapis.com/oauth2/v3/token [omitted]
[debug] [2026-06-22T16:31:37.264Z] <<< [apiv2][status] POST https://www.googleapis.com/oauth2/v3/token 200
[debug] [2026-06-22T16:31:37.266Z] <<< [apiv2][body] POST https://www.googleapis.com/oauth2/v3/token [omitted]
[debug] [2026-06-22T16:31:37.294Z] >>> [apiv2][query] POST https://cloudresourcemanager.googleapis.com/v1/projects/zero-sum-rpg-2026:testIamPermissions [none]
[debug] [2026-06-22T16:31:37.294Z] >>> [apiv2][(partial)header] POST https://cloudresourcemanager.googleapis.com/v1/projects/zero-sum-rpg-2026:testIamPermissions  x-goog-user-project=zero-sum-rpg-2026
[debug] [2026-06-22T16:31:37.294Z] >>> [apiv2][body] POST https://cloudresourcemanager.googleapis.com/v1/projects/zero-sum-rpg-2026:testIamPermissions {"permissions":["firebase.projects.get","firebasedatabase.instances.update","firebasehosting.sites.update"]}
[debug] [2026-06-22T16:31:37.638Z] <<< [apiv2][status] POST https://cloudresourcemanager.googleapis.com/v1/projects/zero-sum-rpg-2026:testIamPermissions 200
[debug] [2026-06-22T16:31:37.638Z] <<< [apiv2][body] POST https://cloudresourcemanager.googleapis.com/v1/projects/zero-sum-rpg-2026:testIamPermissions {"permissions":["firebase.projects.get","firebasedatabase.instances.update","firebasehosting.sites.update"]}
[debug] [2026-06-22T16:31:37.639Z] Checked if tokens are valid: true, expires at: 1782149496266
[debug] [2026-06-22T16:31:37.640Z] Checked if tokens are valid: true, expires at: 1782149496266
[debug] [2026-06-22T16:31:37.640Z] >>> [apiv2][query] GET https://firebase.googleapis.com/v1beta1/projects/zero-sum-rpg-2026 [none]
[debug] [2026-06-22T16:31:38.090Z] <<< [apiv2][status] GET https://firebase.googleapis.com/v1beta1/projects/zero-sum-rpg-2026 200
[debug] [2026-06-22T16:31:38.092Z] <<< [apiv2][body] GET https://firebase.googleapis.com/v1beta1/projects/zero-sum-rpg-2026 {"projectId":"zero-sum-rpg-2026","projectNumber":"941946145190","displayName":"Zero Sum RPG","name":"projects/zero-sum-rpg-2026","resources":{"hostingSite":"zero-sum-rpg-2026","realtimeDatabaseInstance":"zero-sum-rpg-2026-default-rtdb"},"state":"ACTIVE","etag":"1_23766f81-7087-4b3c-bd1e-07f09e1a9a5a"}
[debug] [2026-06-22T16:31:38.095Z] Checked if tokens are valid: true, expires at: 1782149496266
[debug] [2026-06-22T16:31:38.096Z] Checked if tokens are valid: true, expires at: 1782149496266
[debug] [2026-06-22T16:31:38.097Z] >>> [apiv2][query] GET https://firebase.googleapis.com/v1beta1/projects/zero-sum-rpg-2026 [none]
[debug] [2026-06-22T16:31:39.965Z] <<< [apiv2][status] GET https://firebase.googleapis.com/v1beta1/projects/zero-sum-rpg-2026 200
[debug] [2026-06-22T16:31:39.968Z] <<< [apiv2][body] GET https://firebase.googleapis.com/v1beta1/projects/zero-sum-rpg-2026 {"projectId":"zero-sum-rpg-2026","projectNumber":"941946145190","displayName":"Zero Sum RPG","name":"projects/zero-sum-rpg-2026","resources":{"hostingSite":"zero-sum-rpg-2026","realtimeDatabaseInstance":"zero-sum-rpg-2026-default-rtdb"},"state":"ACTIVE","etag":"1_23766f81-7087-4b3c-bd1e-07f09e1a9a5a"}
[info] 
[info] === Deploying to 'zero-sum-rpg-2026'...
[info] 
[info] i  deploying database, hosting 
[info] i  database: checking rules syntax... 
[debug] [2026-06-22T16:31:40.016Z] Checked if tokens are valid: true, expires at: 1782149496266
[debug] [2026-06-22T16:31:40.017Z] Checked if tokens are valid: true, expires at: 1782149496266
[debug] [2026-06-22T16:31:40.018Z] >>> [apiv2][query] GET https://firebasedatabase.googleapis.com/v1beta/projects/zero-sum-rpg-2026/locations/-/instances/zero-sum-rpg-2026-default-rtdb [none]
[debug] [2026-06-22T16:31:41.048Z] <<< [apiv2][status] GET https://firebasedatabase.googleapis.com/v1beta/projects/zero-sum-rpg-2026/locations/-/instances/zero-sum-rpg-2026-default-rtdb 200
[debug] [2026-06-22T16:31:41.049Z] <<< [apiv2][body] GET https://firebasedatabase.googleapis.com/v1beta/projects/zero-sum-rpg-2026/locations/-/instances/zero-sum-rpg-2026-default-rtdb {"name":"projects/941946145190/locations/europe-west1/instances/zero-sum-rpg-2026-default-rtdb","project":"projects/941946145190","databaseUrl":"https://zero-sum-rpg-2026-default-rtdb.europe-west1.firebasedatabase.app","type":"DEFAULT_DATABASE","state":"ACTIVE"}
[debug] [2026-06-22T16:31:41.052Z] Checked if tokens are valid: true, expires at: 1782149496266
[debug] [2026-06-22T16:31:41.052Z] Checked if tokens are valid: true, expires at: 1782149496266
[debug] [2026-06-22T16:31:41.053Z] >>> [apiv2][query] PUT https://zero-sum-rpg-2026-default-rtdb.europe-west1.firebasedatabase.app/.settings/rules.json dryRun=true
[debug] [2026-06-22T16:31:41.053Z] >>> [apiv2][body] PUT https://zero-sum-rpg-2026-default-rtdb.europe-west1.firebasedatabase.app/.settings/rules.json "{\n  \"rules\": {\n    \"sessions\": {\n      \"$session_id\": {\n        \".read\": true,\n        \".write\": true,\n        \"darknet\": {\n          \"$channel_id\": {\n            \".read\": \"auth != null && $channel_id.contains(auth.uid)\",\n            \".write\": \"auth != null && $channel_id.contains(auth.uid)\"\n          }\n        },\n        \"clocks\": {\n          \".read\": true,\n          \".write\": \"auth != null && root.child('users/'+auth.uid+'/isGM').val() == true\"\n        },\n        \"flashbacks\": {\n          \".read\": true,\n          \".write\": \"auth != null\"\n        },\n        \"gameState\": {\n          \".read\": true,\n          \".write\": true,\n          \"narrativeContext\": {\n            \".read\": true,\n            \".write\": \"auth != null && root.child('users/'+auth.uid+'/isGM').val() == true\"\n          }\n        }\n      }\n    }\n  }\n}\n"
[debug] [2026-06-22T16:31:41.320Z] <<< [apiv2][status] PUT https://zero-sum-rpg-2026-default-rtdb.europe-west1.firebasedatabase.app/.settings/rules.json 200
[debug] [2026-06-22T16:31:41.320Z] <<< [apiv2][body] PUT https://zero-sum-rpg-2026-default-rtdb.europe-west1.firebasedatabase.app/.settings/rules.json {"status":"ok"}
[info] ✔  database: rules syntax for database zero-sum-rpg-2026-default-rtdb is valid 
[debug] [2026-06-22T16:31:41.323Z] Checked if tokens are valid: true, expires at: 1782149496266
[debug] [2026-06-22T16:31:41.323Z] Checked if tokens are valid: true, expires at: 1782149496266
[debug] [2026-06-22T16:31:41.323Z] >>> [apiv2][query] GET https://firebasehosting.googleapis.com/v1beta1/projects/zero-sum-rpg-2026/sites/zero-sum-rpg-2026 [none]
[debug] [2026-06-22T16:31:42.406Z] <<< [apiv2][status] GET https://firebasehosting.googleapis.com/v1beta1/projects/zero-sum-rpg-2026/sites/zero-sum-rpg-2026 200
[debug] [2026-06-22T16:31:42.408Z] <<< [apiv2][body] GET https://firebasehosting.googleapis.com/v1beta1/projects/zero-sum-rpg-2026/sites/zero-sum-rpg-2026 {"name":"projects/zero-sum-rpg-2026/sites/zero-sum-rpg-2026","defaultUrl":"https://zero-sum-rpg-2026.web.app","type":"DEFAULT_SITE"}
[debug] [2026-06-22T16:31:42.415Z] Checked if tokens are valid: true, expires at: 1782149496266
[debug] [2026-06-22T16:31:42.416Z] Checked if tokens are valid: true, expires at: 1782149496266
[debug] [2026-06-22T16:31:42.417Z] >>> [apiv2][query] POST https://firebasehosting.googleapis.com/v1beta1/projects/-/sites/zero-sum-rpg-2026/versions [none]
[debug] [2026-06-22T16:31:42.418Z] >>> [apiv2][body] POST https://firebasehosting.googleapis.com/v1beta1/projects/-/sites/zero-sum-rpg-2026/versions {"status":"CREATED","labels":{"deployment-tool":"cli-firebase"}}
[debug] [2026-06-22T16:31:44.451Z] <<< [apiv2][status] POST https://firebasehosting.googleapis.com/v1beta1/projects/-/sites/zero-sum-rpg-2026/versions 200
[debug] [2026-06-22T16:31:44.452Z] <<< [apiv2][body] POST https://firebasehosting.googleapis.com/v1beta1/projects/-/sites/zero-sum-rpg-2026/versions {"name":"projects/941946145190/sites/zero-sum-rpg-2026/versions/6e405cb3f8a6d9ff","status":"CREATED","config":{},"labels":{"deployment-tool":"cli-firebase"}}
[info] i  hosting[zero-sum-rpg-2026]: beginning deploy... 
[info] i  hosting[zero-sum-rpg-2026]: found 59 files in web-app/dist/web-app/browser 
[debug] [2026-06-22T16:31:44.632Z] [hosting] uploading with 200 concurrency
[debug] [2026-06-22T16:31:46.212Z] Checked if tokens are valid: true, expires at: 1782149496266
[debug] [2026-06-22T16:31:46.213Z] Checked if tokens are valid: true, expires at: 1782149496266
[debug] [2026-06-22T16:31:46.222Z] [hosting] hash cache [d2ViLWFwcC9kaXN0L3dlYi1hcHAvYnJvd3Nlcg] stored for 59 files
[debug] [2026-06-22T16:31:46.222Z] [hosting][hash queue][FINAL] {"max":1503,"min":120,"avg":620.3559322033898,"active":0,"complete":59,"success":59,"errored":0,"retried":0,"total":59,"elapsed":1579}
[debug] [2026-06-22T16:31:46.223Z] >>> [apiv2][query] POST https://firebasehosting.googleapis.com/v1beta1/projects/941946145190/sites/zero-sum-rpg-2026/versions/6e405cb3f8a6d9ff:populateFiles [none]
[debug] [2026-06-22T16:31:46.224Z] >>> [apiv2][body] POST https://firebasehosting.googleapis.com/v1beta1/projects/941946145190/sites/zero-sum-rpg-2026/versions/6e405cb3f8a6d9ff:populateFiles {"files":{"/styles-Z5LHNYB6.css":"95050ed1367affa4544b0380d7a080d31e662fa229f5abf9492360c33dcb82cb","/index.html":"ecec1c76f324c430e0986f18e089faaa3d6bbd9a6f039582ada57637bbd0b399","/polyfills-FFHMD2TL.js":"f407557f892bcbe85a54a266154344586a50f40057ade2483a6b3c9ef1cbd39b","/chunk-WYEGQFIH.js":"8c5b91830ecaa00b2ca78d2657275f5621b3b7d5144d3a7dfe354b1a790a938e","/chunk-VEJGW4MX.js":"11bff9b33cf686c7fef34cf00f311873a347fdbd0d5439d935b9b1289ca4ba21","/chunk-ZA7LH67Z.js":"439f9a1187c7d45b82a8de2432ec791b8eceb943a8d2d39fd4d538df32c2b4b7","/chunk-ZNAIOID6.js":"26ede39a70c9103bb6540a538d93d92ba99c0db2d90c07c758da3a25137cdfa8","/chunk-SRQJ6TNR.js":"aeb91782bbcf08e8d74fe6a81e99d3dcbfd33659bfb682632e1d90ccef027737","/chunk-WHMWNJEH.js":"21dec8e2a15919c3748c69a1ba0bb30a77185e58ea7891476a19d6f264d18a39","/chunk-R4TLO3Q6.js":"fb05fb96b06ee9e657236f2ad2b8530d2116e7297626ecc93548c7d84f93b0a9","/chunk-UQRTX5E2.js":"f5f3239f1ca8e14ab29f4a47a1d7e581fa929750a5d9055d2f29624eedd93ceb","/chunk-VM56M3YJ.js":"e6db825a4de8cd8056491012d537af4f32cfd5d29bd46d3d80184e8f30f66fa2","/chunk-JPV6NN2K.js":"a2da4815c4af19ad1d90f953d311b0fd991e0bcdb601f9445bfd5f3d16aa3a55","/chunk-JHNU62II.js":"ecc1bac67c4d7f4231c90c03ac01f4cec7f5fbdff777d8e7c60d80c02c43c9d5","/chunk-J6DBYO54.js":"a055d957261c1666d99804efc43725238f8d3906f97330ee0f501d4d37d6ef66","/chunk-GQ27H7K6.js":"e059f7533ebe8b6d87abc1bf3cb1369929689df23cd68b1f4a5a8f8e72b1456e","/chunk-CWTPBX7D.js":"64e4638303612c725862e6123c8b11f2cbf02c5b2884d3a59a6d62072bf60ed6","/chunk-BR72RJH7.js":"5267b0658399e551d87d0bcc4d07ac004ea85f2c98f2486978bda80ed7e97cee","/chunk-AGZTXNNR.js":"7cb632fa3e33526e7fc0fb090f33db0e7301e18b0a01109035d15286bf96ec37","/chunk-53MN47JT.js":"99e9a24c184a5210bdccebe12b8589af9b69543c033db6a9e543ceedef72f295","/chunk-O5W5FXO6.js":"d4cfbeb90675882241ba24f7e829cc515a1dbe2339767e8e0ba0d785ffb1118a","/chunk-7UTLF6SN.js":"e7c39876911f9a5061e0a6ac726edb3fb9cda52b8cb9f444cbbca3ea79630f81","/chunk-4QQH7YSA.js":"271961250743c0f6caddf37728740b0ff6a71f1c17eca4416000d0e382416461","/chunk-4FEDORUP.js":"0ed7fb79664f9483392ebfb774c3af2e867ef5edee8ca52cfa616c1273e36362","/chunk-225URVS6.js":"4476e943fcd828d0410afe3d1475a82cbaa09c628c441c0926c744a71ff2b5ec","/chunk-43CDTIUQ.js":"4a9290710ddd38f5cca7781a4a956ec59b0399947b1401b7fc72fbc5c531acd3","/chunk-BTY7IV55.js":"9f1f0e2162aac0d48ca2e1f1a28bba69e81f4ef919d346bcc3cc6c19a6abb727","/favicon.ico":"2add0cc793219edd4c7e298d6081d94db083b1d7daa7610f3dd95aaf8a6ea62e","/chunk-XNYEMAKM.js":"17b0e715012ea45884b2cd3d39061d736a0a9da7f1102f97e733ff4efed4c955","/chunk-AGZMUOUW.js":"8594adbc733ccfd290d4c0da04641f76e60b46680b679c8e2e59d1e04cf4bb28","/chunk-VBB5GHEN.js":"f668272b697ce397ff592f5cc48472dfb7e36e28dcb5ad478ebd2f19b25edd7c","/chunk-H5O3WIFS.js":"66f83f4d325f90f728fed6276a2fceb9b3638e1cbca2ca545a71327a9565ecf9","/chunk-KRF2RWY5.js":"d7cc443a83753865caeecb2e2f7767a8bd89f826955e27216e25f3fcf1805c4e","/chunk-PCQLIQQM.js":"ea7e580561c84470a12d377045689efdef5c9deb7fac7923ebbe99fa732c1776","/main-XAH7AYOQ.js":"2a59ab5f379a02e28a375b9e6aa9b40645cad8d8df4e5ab3e27d23177ce85701","/chunk-T2OR7CIE.js":"2c7a33dd5c5e9649344d4638df0a319233102340ed0ba5cb30e0e6beee6e364f","/assets/intel/corporate_debt_notice_redacted.jpg":"2ee9d81fa4192a28a9148fe41af60adfbe3e0e1f888cc44ed94bd8b75674666f","/assets/intel/valkyrie_pmc_redacted.jpg":"e57e41bb1d1b5548e1adf9d0db9c727638e04926c69adb1a0f34a1ba51f0ca95","/assets/intel/elias_vance_redacted.jpg":"f2bb66a8aeb0ee7b85442c531503d52362742aa4370f0caa4d04f7ad077ce3ad","/assets/intel/dark_money_syndicate_redacted.jpg":"02c8372b905f0e1643e15c0dd94e91ded032573d73651483018a84fb141b3ebb","/assets/intel/geneva_freeport_redacted.jpg":"5239f7d7b7979dab28d840d452af1075c70cae9287c99277fe5c6fbe9830f0fb","/assets/intel/director_yossi_redacted.jpg":"ea7b5c4fe77af021a6bc4b284d852b5ff0103e8ed394140339da99e435d78a89","/assets/intel/climate_disaster_zone_redacted.jpg":"6fd8fb0d33829d66563486626b9af5ceeb032823e28990a9f6c26d9729930d16","/assets/intel/whistleblower_redacted.jpg":"f0713a84e34947f60162d7d28f9f790c063bc12cc6f067bfd4b3fb6d8f2fdf22","/assets/intel/chairman_wei_redacted.jpg":"2821d1f0e295007a7df6bcfffb73d412947390ae6d50605061c8fe1993120f73","/assets/intel/viktor_petrov_redacted.jpg":"472b348dd4115b1be81a29e9df8d221c1b38656ca45a044ed29edcfe94accac1","/assets/intel/simon_black_redacted.jpg":"ba17f52d54415c518e599a5d1a5c998afa8428cc3d3e3f1fe78c1517c7c08ffb","/assets/intel/spire_boardroom_redacted.jpg":"a18a324deefb21714c5b0c5eb612f33925941ac277878f62850d335c50fd167b","/assets/intel/encrypted_cold_wallet_redacted.jpg":"c1b39710bc4597a8a9f41ab21093e63a27780df990cac609417b67ef230578bf","/assets/intel/k_street_firm_redacted.jpg":"3f2c71c5df3f141793ba82f80b60849e958d7eae9cce313b57d1edf43132ec6d","/assets/intel/el_fantasma_redacted.jpg":"1fb3e11476e7c5c78e5f4be5f9992bbdec6913e9f0d571c938c83ef54b79cdfa","/assets/intel/eastern_european_frontline_redacted.jpg":"8c5599d8102c153d116e0a1d95cfffe36a7b944c518348ab0e5cc53e893c72b9","/assets/intel/underground_hackers_redacted.jpg":"f72be6079560369a8cfb173b5b2fb0a9b0da471a7d88936d37b4d27b640fe786","/assets/intel/ashburn_data_center_redacted.jpg":"1c33cdfe66fd2959c0b5d0a3c662eff54ea3b37ea276a4ec8cc9411865e3029e","/assets/intel/transnistria_redacted.jpg":"fcd9bd96f0d67b8e684559663541c8dca720f10a330924e02d831106b7db85e4","/assets/intel/auditor_redacted.jpg":"4fd6c418cfeaaac54a2811cf2912e03aa998fa2fd141f9e1ae77598d64e81df1","/assets/intel/zero_day_exploit_redacted.jpg":"5e18c0a79275a32721c39ac83271e2a02c16066afbdf2e18fe628ba1ed218b9e","/assets/intel/black_market_kiosk_redacted.jpg":"0dfc910e1dda137954b021a222581bddd4dc8eef2fbc250a9625779a131d73e5","/assets/intel/drm_locked_rifle_redacted.jpg":"79c725543262ddef13954c46c8ddced40e1a60cedab097a8c5a5852b6562d500"}}
